{
  "stats": {
    "suites": 1,
    "tests": 2,
    "passes": 2,
    "pending": 0,
    "failures": 0,
    "start": "2025-09-05T23:01:49.003Z",
    "end": "2025-09-05T23:01:55.120Z",
    "duration": 6117,
    "testsRegistered": 2,
    "passPercent": 100,
    "pendingPercent": 0,
    "other": 0,
    "hasOther": false,
    "skipped": 0,
    "hasSkipped": false
  },
  "results": [
    {
      "uuid": "8c70364e-fce4-49f3-ac36-6709d530e93d",
      "title": "",
      "fullFile": "cypress\\e2e\\2-advanced-examples\\aliasing.cy.js",
      "file": "cypress\\e2e\\2-advanced-examples\\aliasing.cy.js",
      "beforeHooks": [],
      "afterHooks": [],
      "tests": [],
      "suites": [
        {
          "uuid": "953eba1d-8882-4c92-bd28-7e48c2a77c18",
          "title": "Aliasing",
          "fullFile": "",
          "file": "",
          "beforeHooks": [],
          "afterHooks": [],
          "tests": [
            {
              "title": ".as() - alias a DOM element for later use",
              "fullTitle": "Aliasing .as() - alias a DOM element for later use",
              "timedOut": null,
              "duration": 1001,
              "state": "passed",
              "speed": "fast",
              "pass": true,
              "fail": false,
              "pending": false,
              "context": null,
              "code": "// https://on.cypress.io/as\n// Alias a DOM element for use later\n// We don't have to traverse to the element\n// later in our code, we reference it with @\ncy.get('.as-table').find('tbody>tr').first().find('td').first().find('button').as('firstBtn');\n// when we reference the alias, we place an\n// @ in front of its name\ncy.get('@firstBtn').click();\ncy.get('@firstBtn').should('have.class', 'btn-success').and('contain', 'Changed');",
              "err": {},
              "uuid": "b14df631-8014-44af-854b-2e1460d907b0",
              "parentUUID": "953eba1d-8882-4c92-bd28-7e48c2a77c18",
              "isHook": false,
              "skipped": false
            },
            {
              "title": ".as() - alias a route for later use",
              "fullTitle": "Aliasing .as() - alias a route for later use",
              "timedOut": null,
              "duration": 1498,
              "state": "passed",
              "speed": "fast",
              "pass": true,
              "fail": false,
              "pending": false,
              "context": null,
              "code": "// Alias the route to wait for its response\ncy.intercept('GET', '**/comments/*').as('getComment');\n// we have code that gets a comment when\n// the button is clicked in scripts.js\ncy.get('.network-btn').click();\n// https://on.cypress.io/wait\ncy.wait('@getComment').its('response.statusCode').should('eq', 200);",
              "err": {},
              "uuid": "2e67f35d-dbeb-4ae8-bbca-7892be76d596",
              "parentUUID": "953eba1d-8882-4c92-bd28-7e48c2a77c18",
              "isHook": false,
              "skipped": false
            }
          ],
          "suites": [],
          "passes": [
            "b14df631-8014-44af-854b-2e1460d907b0",
            "2e67f35d-dbeb-4ae8-bbca-7892be76d596"
          ],
          "failures": [],
          "pending": [],
          "skipped": [],
          "duration": 2499,
          "root": false,
          "rootEmpty": false,
          "_timeout": 2000
        }
      ],
      "passes": [],
      "failures": [],
      "pending": [],
      "skipped": [],
      "duration": 0,
      "root": true,
      "rootEmpty": true,
      "_timeout": 2000
    }
  ],
  "meta": {
    "mocha": {
      "version": "7.2.0"
    },
    "mochawesome": {
      "options": {
        "quiet": false,
        "reportFilename": "mochawesome",
        "saveHtml": true,
        "saveJson": true,
        "consoleReporter": "spec",
        "useInlineDiffs": false,
        "code": true
      },
      "version": "7.1.3"
    },
    "marge": {
      "options": {
        "reportDir": "cypress/reports",
        "overwrite": false,
        "html": true,
        "json": true
      },
      "version": "6.2.0"
    }
  }
}