{
  "stats": {
    "suites": 11,
    "tests": 10,
    "passes": 10,
    "pending": 0,
    "failures": 0,
    "start": "2025-09-05T22:55:13.052Z",
    "end": "2025-09-05T22:55:19.151Z",
    "duration": 6099,
    "testsRegistered": 10,
    "passPercent": 100,
    "pendingPercent": 0,
    "other": 0,
    "hasOther": false,
    "skipped": 0,
    "hasSkipped": false
  },
  "results": [
    {
      "uuid": "cb33aba0-7c39-4aab-88e4-72086e1a59c2",
      "title": "",
      "fullFile": "cypress\\e2e\\2-advanced-examples\\cypress_api.cy.js",
      "file": "cypress\\e2e\\2-advanced-examples\\cypress_api.cy.js",
      "beforeHooks": [],
      "afterHooks": [],
      "tests": [],
      "suites": [
        {
          "uuid": "68836ac1-8135-4c44-aff3-8314ed9131f2",
          "title": "Cypress APIs",
          "fullFile": "",
          "file": "",
          "beforeHooks": [],
          "afterHooks": [],
          "tests": [],
          "suites": [
            {
              "uuid": "4b49e267-a0bd-4ab5-801c-a94f5745f598",
              "title": "Cypress.Commands",
              "fullFile": "",
              "file": "",
              "beforeHooks": [],
              "afterHooks": [],
              "tests": [
                {
                  "title": ".add() - create a custom command",
                  "fullTitle": "Cypress APIs Cypress.Commands .add() - create a custom command",
                  "timedOut": null,
                  "duration": 532,
                  "state": "passed",
                  "speed": "fast",
                  "pass": true,
                  "fail": false,
                  "pending": false,
                  "context": null,
                  "code": "Cypress.Commands.add('console', {\n  prevSubject: true\n}, (subject, method) => {\n  // the previous subject is automatically received\n  // and the commands arguments are shifted\n  // allow us to change the console method used\n  method = method || 'log';\n  // log the subject to the console\n  console[method]('The subject is', subject);\n  // whatever we return becomes the new subject\n  // we don't want to change the subject so\n  // we return whatever was passed in\n  return subject;\n});\ncy.get('button').console('info').then($button => {\n  // subject is still $button\n});",
                  "err": {},
                  "uuid": "0593f40f-d529-41bf-910a-c3b5f7f08d97",
                  "parentUUID": "4b49e267-a0bd-4ab5-801c-a94f5745f598",
                  "isHook": false,
                  "skipped": false
                }
              ],
              "suites": [],
              "passes": [
                "0593f40f-d529-41bf-910a-c3b5f7f08d97"
              ],
              "failures": [],
              "pending": [],
              "skipped": [],
              "duration": 532,
              "root": false,
              "rootEmpty": false,
              "_timeout": 2000
            },
            {
              "uuid": "98f5b575-eca3-4659-a408-84ff634e07bb",
              "title": "Cypress.Cookies",
              "fullFile": "",
              "file": "",
              "beforeHooks": [],
              "afterHooks": [],
              "tests": [
                {
                  "title": ".debug() - enable or disable debugging",
                  "fullTitle": "Cypress APIs Cypress.Cookies .debug() - enable or disable debugging",
                  "timedOut": null,
                  "duration": 325,
                  "state": "passed",
                  "speed": "fast",
                  "pass": true,
                  "fail": false,
                  "pending": false,
                  "context": null,
                  "code": "Cypress.Cookies.debug(true);\n// Cypress will now log in the console when\n// cookies are set or cleared\ncy.setCookie('fakeCookie', '123ABC');\ncy.clearCookie('fakeCookie');\ncy.setCookie('fakeCookie', '123ABC');\ncy.clearCookie('fakeCookie');\ncy.setCookie('fakeCookie', '123ABC');",
                  "err": {},
                  "uuid": "2bec2bb9-d1af-4c1e-83bb-4c9516d8d963",
                  "parentUUID": "98f5b575-eca3-4659-a408-84ff634e07bb",
                  "isHook": false,
                  "skipped": false
                }
              ],
              "suites": [],
              "passes": [
                "2bec2bb9-d1af-4c1e-83bb-4c9516d8d963"
              ],
              "failures": [],
              "pending": [],
              "skipped": [],
              "duration": 325,
              "root": false,
              "rootEmpty": false,
              "_timeout": 2000
            },
            {
              "uuid": "be16862d-652f-4e3c-8ca3-3dfdd419dece",
              "title": "Cypress.arch",
              "fullFile": "",
              "file": "",
              "beforeHooks": [],
              "afterHooks": [],
              "tests": [
                {
                  "title": "Get CPU architecture name of underlying OS",
                  "fullTitle": "Cypress APIs Cypress.arch Get CPU architecture name of underlying OS",
                  "timedOut": null,
                  "duration": 241,
                  "state": "passed",
                  "speed": "fast",
                  "pass": true,
                  "fail": false,
                  "pending": false,
                  "context": null,
                  "code": "// https://on.cypress.io/arch\nexpect(Cypress.arch).to.exist;",
                  "err": {},
                  "uuid": "8ba00578-ee4a-494b-9d29-b986fc95b2f2",
                  "parentUUID": "be16862d-652f-4e3c-8ca3-3dfdd419dece",
                  "isHook": false,
                  "skipped": false
                }
              ],
              "suites": [],
              "passes": [
                "8ba00578-ee4a-494b-9d29-b986fc95b2f2"
              ],
              "failures": [],
              "pending": [],
              "skipped": [],
              "duration": 241,
              "root": false,
              "rootEmpty": false,
              "_timeout": 2000
            },
            {
              "uuid": "807935db-ab9a-4c25-9f15-b627100564c5",
              "title": "Cypress.config()",
              "fullFile": "",
              "file": "",
              "beforeHooks": [],
              "afterHooks": [],
              "tests": [
                {
                  "title": "Get and set configuration options",
                  "fullTitle": "Cypress APIs Cypress.config() Get and set configuration options",
                  "timedOut": null,
                  "duration": 266,
                  "state": "passed",
                  "speed": "fast",
                  "pass": true,
                  "fail": false,
                  "pending": false,
                  "context": null,
                  "code": "// https://on.cypress.io/config\nlet myConfig = Cypress.config();\nexpect(myConfig).to.have.property('animationDistanceThreshold', 5);\nexpect(myConfig).to.have.property('baseUrl', null);\nexpect(myConfig).to.have.property('defaultCommandTimeout', 4000);\nexpect(myConfig).to.have.property('requestTimeout', 5000);\nexpect(myConfig).to.have.property('responseTimeout', 30000);\nexpect(myConfig).to.have.property('viewportHeight', 660);\nexpect(myConfig).to.have.property('viewportWidth', 1000);\nexpect(myConfig).to.have.property('pageLoadTimeout', 60000);\nexpect(myConfig).to.have.property('waitForAnimations', true);\nexpect(Cypress.config('pageLoadTimeout')).to.eq(60000);\n// this will change the config for the rest of your tests!\nCypress.config('pageLoadTimeout', 20000);\nexpect(Cypress.config('pageLoadTimeout')).to.eq(20000);\nCypress.config('pageLoadTimeout', 60000);",
                  "err": {},
                  "uuid": "22bd7b95-4133-4646-bdb9-b4bfa073484c",
                  "parentUUID": "807935db-ab9a-4c25-9f15-b627100564c5",
                  "isHook": false,
                  "skipped": false
                }
              ],
              "suites": [],
              "passes": [
                "22bd7b95-4133-4646-bdb9-b4bfa073484c"
              ],
              "failures": [],
              "pending": [],
              "skipped": [],
              "duration": 266,
              "root": false,
              "rootEmpty": false,
              "_timeout": 2000
            },
            {
              "uuid": "06b2d318-418d-4453-b7ec-d4f4177e167c",
              "title": "Cypress.dom",
              "fullFile": "",
              "file": "",
              "beforeHooks": [],
              "afterHooks": [],
              "tests": [
                {
                  "title": ".isHidden() - determine if a DOM element is hidden",
                  "fullTitle": "Cypress APIs Cypress.dom .isHidden() - determine if a DOM element is hidden",
                  "timedOut": null,
                  "duration": 235,
                  "state": "passed",
                  "speed": "fast",
                  "pass": true,
                  "fail": false,
                  "pending": false,
                  "context": null,
                  "code": "let hiddenP = Cypress.$('.dom-p p.hidden').get(0);\nlet visibleP = Cypress.$('.dom-p p.visible').get(0);\n// our first paragraph has css class 'hidden'\nexpect(Cypress.dom.isHidden(hiddenP)).to.be.true;\nexpect(Cypress.dom.isHidden(visibleP)).to.be.false;",
                  "err": {},
                  "uuid": "d0e87622-256b-4ee0-9bb6-3ffd45011aaf",
                  "parentUUID": "06b2d318-418d-4453-b7ec-d4f4177e167c",
                  "isHook": false,
                  "skipped": false
                }
              ],
              "suites": [],
              "passes": [
                "d0e87622-256b-4ee0-9bb6-3ffd45011aaf"
              ],
              "failures": [],
              "pending": [],
              "skipped": [],
              "duration": 235,
              "root": false,
              "rootEmpty": false,
              "_timeout": 2000
            },
            {
              "uuid": "cc87ec3b-3b7b-42c7-b448-c0de6c0a0bbb",
              "title": "Cypress.env()",
              "fullFile": "",
              "file": "",
              "beforeHooks": [],
              "afterHooks": [],
              "tests": [
                {
                  "title": "Get environment variables",
                  "fullTitle": "Cypress APIs Cypress.env() Get environment variables",
                  "timedOut": null,
                  "duration": 252,
                  "state": "passed",
                  "speed": "fast",
                  "pass": true,
                  "fail": false,
                  "pending": false,
                  "context": null,
                  "code": "// https://on.cypress.io/env\n// set multiple environment variables\nCypress.env({\n  host: 'veronica.dev.local',\n  api_server: 'http://localhost:8888/v1/'\n});\n// get environment variable\nexpect(Cypress.env('host')).to.eq('veronica.dev.local');\n// set environment variable\nCypress.env('api_server', 'http://localhost:8888/v2/');\nexpect(Cypress.env('api_server')).to.eq('http://localhost:8888/v2/');\n// get all environment variable\nexpect(Cypress.env()).to.have.property('host', 'veronica.dev.local');\nexpect(Cypress.env()).to.have.property('api_server', 'http://localhost:8888/v2/');",
                  "err": {},
                  "uuid": "e1f8c516-b508-4eb4-b83d-4bd3320392d5",
                  "parentUUID": "cc87ec3b-3b7b-42c7-b448-c0de6c0a0bbb",
                  "isHook": false,
                  "skipped": false
                }
              ],
              "suites": [],
              "passes": [
                "e1f8c516-b508-4eb4-b83d-4bd3320392d5"
              ],
              "failures": [],
              "pending": [],
              "skipped": [],
              "duration": 252,
              "root": false,
              "rootEmpty": false,
              "_timeout": 2000
            },
            {
              "uuid": "0cce9c6b-c530-4917-b066-2bc0f731f1e8",
              "title": "Cypress.log",
              "fullFile": "",
              "file": "",
              "beforeHooks": [],
              "afterHooks": [],
              "tests": [
                {
                  "title": "Control what is printed to the Command Log",
                  "fullTitle": "Cypress APIs Cypress.log Control what is printed to the Command Log",
                  "timedOut": null,
                  "duration": 283,
                  "state": "passed",
                  "speed": "fast",
                  "pass": true,
                  "fail": false,
                  "pending": false,
                  "context": null,
                  "code": "// https://on.cypress.io/cypress-log",
                  "err": {},
                  "uuid": "79320e6c-fd3a-46e0-acd5-3d3c7afc03e9",
                  "parentUUID": "0cce9c6b-c530-4917-b066-2bc0f731f1e8",
                  "isHook": false,
                  "skipped": false
                }
              ],
              "suites": [],
              "passes": [
                "79320e6c-fd3a-46e0-acd5-3d3c7afc03e9"
              ],
              "failures": [],
              "pending": [],
              "skipped": [],
              "duration": 283,
              "root": false,
              "rootEmpty": false,
              "_timeout": 2000
            },
            {
              "uuid": "b6b4a9dc-68d6-4371-bb42-d223ee4f49b9",
              "title": "Cypress.platform",
              "fullFile": "",
              "file": "",
              "beforeHooks": [],
              "afterHooks": [],
              "tests": [
                {
                  "title": "Get underlying OS name",
                  "fullTitle": "Cypress APIs Cypress.platform Get underlying OS name",
                  "timedOut": null,
                  "duration": 255,
                  "state": "passed",
                  "speed": "fast",
                  "pass": true,
                  "fail": false,
                  "pending": false,
                  "context": null,
                  "code": "// https://on.cypress.io/platform\nexpect(Cypress.platform).to.be.exist;",
                  "err": {},
                  "uuid": "f21e9bca-a441-4890-bfe8-c57a2a185016",
                  "parentUUID": "b6b4a9dc-68d6-4371-bb42-d223ee4f49b9",
                  "isHook": false,
                  "skipped": false
                }
              ],
              "suites": [],
              "passes": [
                "f21e9bca-a441-4890-bfe8-c57a2a185016"
              ],
              "failures": [],
              "pending": [],
              "skipped": [],
              "duration": 255,
              "root": false,
              "rootEmpty": false,
              "_timeout": 2000
            },
            {
              "uuid": "dd9cd4c9-0142-4648-a908-45d3c52d041a",
              "title": "Cypress.version",
              "fullFile": "",
              "file": "",
              "beforeHooks": [],
              "afterHooks": [],
              "tests": [
                {
                  "title": "Get current version of Cypress being run",
                  "fullTitle": "Cypress APIs Cypress.version Get current version of Cypress being run",
                  "timedOut": null,
                  "duration": 228,
                  "state": "passed",
                  "speed": "fast",
                  "pass": true,
                  "fail": false,
                  "pending": false,
                  "context": null,
                  "code": "// https://on.cypress.io/version\nexpect(Cypress.version).to.be.exist;",
                  "err": {},
                  "uuid": "bb348ebc-56e4-453f-838e-98d90e0328c4",
                  "parentUUID": "dd9cd4c9-0142-4648-a908-45d3c52d041a",
                  "isHook": false,
                  "skipped": false
                }
              ],
              "suites": [],
              "passes": [
                "bb348ebc-56e4-453f-838e-98d90e0328c4"
              ],
              "failures": [],
              "pending": [],
              "skipped": [],
              "duration": 228,
              "root": false,
              "rootEmpty": false,
              "_timeout": 2000
            },
            {
              "uuid": "075a8a1c-4719-444e-a2e9-086597aa1376",
              "title": "Cypress.spec",
              "fullFile": "",
              "file": "",
              "beforeHooks": [],
              "afterHooks": [],
              "tests": [
                {
                  "title": "Get current spec information",
                  "fullTitle": "Cypress APIs Cypress.spec Get current spec information",
                  "timedOut": null,
                  "duration": 239,
                  "state": "passed",
                  "speed": "fast",
                  "pass": true,
                  "fail": false,
                  "pending": false,
                  "context": null,
                  "code": "// https://on.cypress.io/spec\n// wrap the object so we can inspect it easily by clicking in the command log\ncy.wrap(Cypress.spec).should('include.keys', ['name', 'relative', 'absolute']);",
                  "err": {},
                  "uuid": "855067f6-8307-4d21-8528-70fb14e06c48",
                  "parentUUID": "075a8a1c-4719-444e-a2e9-086597aa1376",
                  "isHook": false,
                  "skipped": false
                }
              ],
              "suites": [],
              "passes": [
                "855067f6-8307-4d21-8528-70fb14e06c48"
              ],
              "failures": [],
              "pending": [],
              "skipped": [],
              "duration": 239,
              "root": false,
              "rootEmpty": false,
              "_timeout": 2000
            }
          ],
          "passes": [],
          "failures": [],
          "pending": [],
          "skipped": [],
          "duration": 0,
          "root": false,
          "rootEmpty": false,
          "_timeout": 2000
        }
      ],
      "passes": [],
      "failures": [],
      "pending": [],
      "skipped": [],
      "duration": 0,
      "root": true,
      "rootEmpty": true,
      "_timeout": 2000
    }
  ],
  "meta": {
    "mocha": {
      "version": "7.2.0"
    },
    "mochawesome": {
      "options": {
        "quiet": false,
        "reportFilename": "mochawesome",
        "saveHtml": true,
        "saveJson": true,
        "consoleReporter": "spec",
        "useInlineDiffs": false,
        "code": true
      },
      "version": "7.1.3"
    },
    "marge": {
      "options": {
        "reportDir": "cypress/reports",
        "overwrite": false,
        "html": true,
        "json": true
      },
      "version": "6.2.0"
    }
  }
}