{
  "stats": {
    "suites": 1,
    "tests": 18,
    "passes": 18,
    "pending": 0,
    "failures": 0,
    "start": "2025-09-05T22:56:56.252Z",
    "end": "2025-09-05T22:57:07.317Z",
    "duration": 11065,
    "testsRegistered": 18,
    "passPercent": 100,
    "pendingPercent": 0,
    "other": 0,
    "hasOther": false,
    "skipped": 0,
    "hasSkipped": false
  },
  "results": [
    {
      "uuid": "896adb84-2cca-4fea-bb23-f5a409a8986a",
      "title": "",
      "fullFile": "cypress\\e2e\\2-advanced-examples\\traversal.cy.js",
      "file": "cypress\\e2e\\2-advanced-examples\\traversal.cy.js",
      "beforeHooks": [],
      "afterHooks": [],
      "tests": [],
      "suites": [
        {
          "uuid": "1b9fb261-2d36-4480-a35b-361f2be9c203",
          "title": "Traversal",
          "fullFile": "",
          "file": "",
          "beforeHooks": [],
          "afterHooks": [],
          "tests": [
            {
              "title": ".children() - get child DOM elements",
              "fullTitle": "Traversal .children() - get child DOM elements",
              "timedOut": null,
              "duration": 691,
              "state": "passed",
              "speed": "fast",
              "pass": true,
              "fail": false,
              "pending": false,
              "context": null,
              "code": "// https://on.cypress.io/children\ncy.get('.traversal-breadcrumb').children('.active').should('contain', 'Data');",
              "err": {},
              "uuid": "2a6f89d0-284f-413b-8d97-35c4712b04df",
              "parentUUID": "1b9fb261-2d36-4480-a35b-361f2be9c203",
              "isHook": false,
              "skipped": false
            },
            {
              "title": ".closest() - get closest ancestor DOM element",
              "fullTitle": "Traversal .closest() - get closest ancestor DOM element",
              "timedOut": null,
              "duration": 319,
              "state": "passed",
              "speed": "fast",
              "pass": true,
              "fail": false,
              "pending": false,
              "context": null,
              "code": "// https://on.cypress.io/closest\ncy.get('.traversal-badge').closest('ul').should('have.class', 'list-group');",
              "err": {},
              "uuid": "f9404ba8-2729-4cc1-9a9f-efbe121c5f7b",
              "parentUUID": "1b9fb261-2d36-4480-a35b-361f2be9c203",
              "isHook": false,
              "skipped": false
            },
            {
              "title": ".eq() - get a DOM element at a specific index",
              "fullTitle": "Traversal .eq() - get a DOM element at a specific index",
              "timedOut": null,
              "duration": 327,
              "state": "passed",
              "speed": "fast",
              "pass": true,
              "fail": false,
              "pending": false,
              "context": null,
              "code": "// https://on.cypress.io/eq\ncy.get('.traversal-list>li').eq(1).should('contain', 'siamese');",
              "err": {},
              "uuid": "57e6161b-4c20-4829-b1b0-8e99183453f7",
              "parentUUID": "1b9fb261-2d36-4480-a35b-361f2be9c203",
              "isHook": false,
              "skipped": false
            },
            {
              "title": ".filter() - get DOM elements that match the selector",
              "fullTitle": "Traversal .filter() - get DOM elements that match the selector",
              "timedOut": null,
              "duration": 345,
              "state": "passed",
              "speed": "fast",
              "pass": true,
              "fail": false,
              "pending": false,
              "context": null,
              "code": "// https://on.cypress.io/filter\ncy.get('.traversal-nav>li').filter('.active').should('contain', 'About');",
              "err": {},
              "uuid": "9b459120-6112-4b81-a396-93da079cc67d",
              "parentUUID": "1b9fb261-2d36-4480-a35b-361f2be9c203",
              "isHook": false,
              "skipped": false
            },
            {
              "title": ".find() - get descendant DOM elements of the selector",
              "fullTitle": "Traversal .find() - get descendant DOM elements of the selector",
              "timedOut": null,
              "duration": 344,
              "state": "passed",
              "speed": "fast",
              "pass": true,
              "fail": false,
              "pending": false,
              "context": null,
              "code": "// https://on.cypress.io/find\ncy.get('.traversal-pagination').find('li').find('a').should('have.length', 7);",
              "err": {},
              "uuid": "713169b7-8af9-46fa-969f-c0a2a83c6b82",
              "parentUUID": "1b9fb261-2d36-4480-a35b-361f2be9c203",
              "isHook": false,
              "skipped": false
            },
            {
              "title": ".first() - get first DOM element",
              "fullTitle": "Traversal .first() - get first DOM element",
              "timedOut": null,
              "duration": 346,
              "state": "passed",
              "speed": "fast",
              "pass": true,
              "fail": false,
              "pending": false,
              "context": null,
              "code": "// https://on.cypress.io/first\ncy.get('.traversal-table td').first().should('contain', '1');",
              "err": {},
              "uuid": "d1e590fa-ca4d-4c23-9945-55e2a08133b9",
              "parentUUID": "1b9fb261-2d36-4480-a35b-361f2be9c203",
              "isHook": false,
              "skipped": false
            },
            {
              "title": ".last() - get last DOM element",
              "fullTitle": "Traversal .last() - get last DOM element",
              "timedOut": null,
              "duration": 344,
              "state": "passed",
              "speed": "fast",
              "pass": true,
              "fail": false,
              "pending": false,
              "context": null,
              "code": "// https://on.cypress.io/last\ncy.get('.traversal-buttons .btn').last().should('contain', 'Submit');",
              "err": {},
              "uuid": "6cf80bae-6c56-4ab3-b8d6-e9f8d61a4332",
              "parentUUID": "1b9fb261-2d36-4480-a35b-361f2be9c203",
              "isHook": false,
              "skipped": false
            },
            {
              "title": ".next() - get next sibling DOM element",
              "fullTitle": "Traversal .next() - get next sibling DOM element",
              "timedOut": null,
              "duration": 333,
              "state": "passed",
              "speed": "fast",
              "pass": true,
              "fail": false,
              "pending": false,
              "context": null,
              "code": "// https://on.cypress.io/next\ncy.get('.traversal-ul').contains('apples').next().should('contain', 'oranges');",
              "err": {},
              "uuid": "de7ec6ce-87ce-47c2-9cfa-0860bc17313c",
              "parentUUID": "1b9fb261-2d36-4480-a35b-361f2be9c203",
              "isHook": false,
              "skipped": false
            },
            {
              "title": ".nextAll() - get all next sibling DOM elements",
              "fullTitle": "Traversal .nextAll() - get all next sibling DOM elements",
              "timedOut": null,
              "duration": 378,
              "state": "passed",
              "speed": "fast",
              "pass": true,
              "fail": false,
              "pending": false,
              "context": null,
              "code": "// https://on.cypress.io/nextall\ncy.get('.traversal-next-all').contains('oranges').nextAll().should('have.length', 3);",
              "err": {},
              "uuid": "1e352e44-72ec-4a00-9d9c-cfeaa30e2d19",
              "parentUUID": "1b9fb261-2d36-4480-a35b-361f2be9c203",
              "isHook": false,
              "skipped": false
            },
            {
              "title": ".nextUntil() - get next sibling DOM elements until next el",
              "fullTitle": "Traversal .nextUntil() - get next sibling DOM elements until next el",
              "timedOut": null,
              "duration": 332,
              "state": "passed",
              "speed": "fast",
              "pass": true,
              "fail": false,
              "pending": false,
              "context": null,
              "code": "// https://on.cypress.io/nextuntil\ncy.get('#veggies').nextUntil('#nuts').should('have.length', 3);",
              "err": {},
              "uuid": "61fa5e12-254b-4954-a743-b9513c8f11d9",
              "parentUUID": "1b9fb261-2d36-4480-a35b-361f2be9c203",
              "isHook": false,
              "skipped": false
            },
            {
              "title": ".not() - remove DOM elements from set of DOM elements",
              "fullTitle": "Traversal .not() - remove DOM elements from set of DOM elements",
              "timedOut": null,
              "duration": 327,
              "state": "passed",
              "speed": "fast",
              "pass": true,
              "fail": false,
              "pending": false,
              "context": null,
              "code": "// https://on.cypress.io/not\ncy.get('.traversal-disabled .btn').not('[disabled]').should('not.contain', 'Disabled');",
              "err": {},
              "uuid": "06132bae-ac2d-442d-8529-3afe92e20aae",
              "parentUUID": "1b9fb261-2d36-4480-a35b-361f2be9c203",
              "isHook": false,
              "skipped": false
            },
            {
              "title": ".parent() - get parent DOM element from DOM elements",
              "fullTitle": "Traversal .parent() - get parent DOM element from DOM elements",
              "timedOut": null,
              "duration": 412,
              "state": "passed",
              "speed": "fast",
              "pass": true,
              "fail": false,
              "pending": false,
              "context": null,
              "code": "// https://on.cypress.io/parent\ncy.get('.traversal-mark').parent().should('contain', 'Morbi leo risus');",
              "err": {},
              "uuid": "47643877-f2a9-4f46-a065-a7ab6a0a9f45",
              "parentUUID": "1b9fb261-2d36-4480-a35b-361f2be9c203",
              "isHook": false,
              "skipped": false
            },
            {
              "title": ".parents() - get parent DOM elements from DOM elements",
              "fullTitle": "Traversal .parents() - get parent DOM elements from DOM elements",
              "timedOut": null,
              "duration": 325,
              "state": "passed",
              "speed": "fast",
              "pass": true,
              "fail": false,
              "pending": false,
              "context": null,
              "code": "// https://on.cypress.io/parents\ncy.get('.traversal-cite').parents().should('match', 'blockquote');",
              "err": {},
              "uuid": "f41e819f-7ef2-4dc1-8923-69992a6afee8",
              "parentUUID": "1b9fb261-2d36-4480-a35b-361f2be9c203",
              "isHook": false,
              "skipped": false
            },
            {
              "title": ".parentsUntil() - get parent DOM elements from DOM elements until el",
              "fullTitle": "Traversal .parentsUntil() - get parent DOM elements from DOM elements until el",
              "timedOut": null,
              "duration": 321,
              "state": "passed",
              "speed": "fast",
              "pass": true,
              "fail": false,
              "pending": false,
              "context": null,
              "code": "// https://on.cypress.io/parentsuntil\ncy.get('.clothes-nav').find('.active').parentsUntil('.clothes-nav').should('have.length', 2);",
              "err": {},
              "uuid": "e488431d-d9e8-4f19-a212-6ebe5abc9b29",
              "parentUUID": "1b9fb261-2d36-4480-a35b-361f2be9c203",
              "isHook": false,
              "skipped": false
            },
            {
              "title": ".prev() - get previous sibling DOM element",
              "fullTitle": "Traversal .prev() - get previous sibling DOM element",
              "timedOut": null,
              "duration": 345,
              "state": "passed",
              "speed": "fast",
              "pass": true,
              "fail": false,
              "pending": false,
              "context": null,
              "code": "// https://on.cypress.io/prev\ncy.get('.birds').find('.active').prev().should('contain', 'Lorikeets');",
              "err": {},
              "uuid": "8532a6a7-1e8b-45c4-9940-376de6233068",
              "parentUUID": "1b9fb261-2d36-4480-a35b-361f2be9c203",
              "isHook": false,
              "skipped": false
            },
            {
              "title": ".prevAll() - get all previous sibling DOM elements",
              "fullTitle": "Traversal .prevAll() - get all previous sibling DOM elements",
              "timedOut": null,
              "duration": 305,
              "state": "passed",
              "speed": "fast",
              "pass": true,
              "fail": false,
              "pending": false,
              "context": null,
              "code": "// https://on.cypress.io/prevall\ncy.get('.fruits-list').find('.third').prevAll().should('have.length', 2);",
              "err": {},
              "uuid": "ed6f58a7-116e-4116-a8f9-93997fa38eb3",
              "parentUUID": "1b9fb261-2d36-4480-a35b-361f2be9c203",
              "isHook": false,
              "skipped": false
            },
            {
              "title": ".prevUntil() - get all previous sibling DOM elements until el",
              "fullTitle": "Traversal .prevUntil() - get all previous sibling DOM elements until el",
              "timedOut": null,
              "duration": 318,
              "state": "passed",
              "speed": "fast",
              "pass": true,
              "fail": false,
              "pending": false,
              "context": null,
              "code": "// https://on.cypress.io/prevuntil\ncy.get('.foods-list').find('#nuts').prevUntil('#veggies').should('have.length', 3);",
              "err": {},
              "uuid": "482d24b7-bbcb-4a76-94e7-1b5c5a71db86",
              "parentUUID": "1b9fb261-2d36-4480-a35b-361f2be9c203",
              "isHook": false,
              "skipped": false
            },
            {
              "title": ".siblings() - get all sibling DOM elements",
              "fullTitle": "Traversal .siblings() - get all sibling DOM elements",
              "timedOut": null,
              "duration": 317,
              "state": "passed",
              "speed": "fast",
              "pass": true,
              "fail": false,
              "pending": false,
              "context": null,
              "code": "// https://on.cypress.io/siblings\ncy.get('.traversal-pills .active').siblings().should('have.length', 2);",
              "err": {},
              "uuid": "4e905a91-38da-40b0-b86b-b02acc1af8dc",
              "parentUUID": "1b9fb261-2d36-4480-a35b-361f2be9c203",
              "isHook": false,
              "skipped": false
            }
          ],
          "suites": [],
          "passes": [
            "2a6f89d0-284f-413b-8d97-35c4712b04df",
            "f9404ba8-2729-4cc1-9a9f-efbe121c5f7b",
            "57e6161b-4c20-4829-b1b0-8e99183453f7",
            "9b459120-6112-4b81-a396-93da079cc67d",
            "713169b7-8af9-46fa-969f-c0a2a83c6b82",
            "d1e590fa-ca4d-4c23-9945-55e2a08133b9",
            "6cf80bae-6c56-4ab3-b8d6-e9f8d61a4332",
            "de7ec6ce-87ce-47c2-9cfa-0860bc17313c",
            "1e352e44-72ec-4a00-9d9c-cfeaa30e2d19",
            "61fa5e12-254b-4954-a743-b9513c8f11d9",
            "06132bae-ac2d-442d-8529-3afe92e20aae",
            "47643877-f2a9-4f46-a065-a7ab6a0a9f45",
            "f41e819f-7ef2-4dc1-8923-69992a6afee8",
            "e488431d-d9e8-4f19-a212-6ebe5abc9b29",
            "8532a6a7-1e8b-45c4-9940-376de6233068",
            "ed6f58a7-116e-4116-a8f9-93997fa38eb3",
            "482d24b7-bbcb-4a76-94e7-1b5c5a71db86",
            "4e905a91-38da-40b0-b86b-b02acc1af8dc"
          ],
          "failures": [],
          "pending": [],
          "skipped": [],
          "duration": 6429,
          "root": false,
          "rootEmpty": false,
          "_timeout": 2000
        }
      ],
      "passes": [],
      "failures": [],
      "pending": [],
      "skipped": [],
      "duration": 0,
      "root": true,
      "rootEmpty": true,
      "_timeout": 2000
    }
  ],
  "meta": {
    "mocha": {
      "version": "7.2.0"
    },
    "mochawesome": {
      "options": {
        "quiet": false,
        "reportFilename": "mochawesome",
        "saveHtml": true,
        "saveJson": true,
        "consoleReporter": "spec",
        "useInlineDiffs": false,
        "code": true
      },
      "version": "7.1.3"
    },
    "marge": {
      "options": {
        "reportDir": "cypress/reports",
        "overwrite": false,
        "html": true,
        "json": true
      },
      "version": "6.2.0"
    }
  }
}