{
  "stats": {
    "suites": 1,
    "tests": 5,
    "passes": 5,
    "pending": 0,
    "failures": 0,
    "start": "2025-09-05T22:56:44.245Z",
    "end": "2025-09-05T22:56:50.566Z",
    "duration": 6321,
    "testsRegistered": 5,
    "passPercent": 100,
    "pendingPercent": 0,
    "other": 0,
    "hasOther": false,
    "skipped": 0,
    "hasSkipped": false
  },
  "results": [
    {
      "uuid": "53562a08-afbf-450c-811a-5dfd007e9069",
      "title": "",
      "fullFile": "cypress\\e2e\\2-advanced-examples\\storage.cy.js",
      "file": "cypress\\e2e\\2-advanced-examples\\storage.cy.js",
      "beforeHooks": [],
      "afterHooks": [],
      "tests": [],
      "suites": [
        {
          "uuid": "ecf7cd6f-641d-4f33-8ef7-301dcba1b1c3",
          "title": "Local Storage / Session Storage",
          "fullFile": "",
          "file": "",
          "beforeHooks": [],
          "afterHooks": [],
          "tests": [
            {
              "title": "cy.clearLocalStorage() - clear all data in localStorage for the current origin",
              "fullTitle": "Local Storage / Session Storage cy.clearLocalStorage() - clear all data in localStorage for the current origin",
              "timedOut": null,
              "duration": 1003,
              "state": "passed",
              "speed": "fast",
              "pass": true,
              "fail": false,
              "pending": false,
              "context": null,
              "code": "// https://on.cypress.io/clearlocalstorage\ncy.get('.ls-btn').click();\ncy.get('.ls-btn').should(() => {\n  expect(localStorage.getItem('prop1')).to.eq('red');\n  expect(localStorage.getItem('prop2')).to.eq('blue');\n  expect(localStorage.getItem('prop3')).to.eq('magenta');\n});\ncy.clearLocalStorage();\ncy.getAllLocalStorage().should(() => {\n  expect(localStorage.getItem('prop1')).to.be.null;\n  expect(localStorage.getItem('prop2')).to.be.null;\n  expect(localStorage.getItem('prop3')).to.be.null;\n});\ncy.get('.ls-btn').click();\ncy.get('.ls-btn').should(() => {\n  expect(localStorage.getItem('prop1')).to.eq('red');\n  expect(localStorage.getItem('prop2')).to.eq('blue');\n  expect(localStorage.getItem('prop3')).to.eq('magenta');\n});\n// Clear key matching string in localStorage\ncy.clearLocalStorage('prop1');\ncy.getAllLocalStorage().should(() => {\n  expect(localStorage.getItem('prop1')).to.be.null;\n  expect(localStorage.getItem('prop2')).to.eq('blue');\n  expect(localStorage.getItem('prop3')).to.eq('magenta');\n});\ncy.get('.ls-btn').click();\ncy.get('.ls-btn').should(() => {\n  expect(localStorage.getItem('prop1')).to.eq('red');\n  expect(localStorage.getItem('prop2')).to.eq('blue');\n  expect(localStorage.getItem('prop3')).to.eq('magenta');\n});\n// Clear keys matching regex in localStorage\ncy.clearLocalStorage(/prop1|2/);\ncy.getAllLocalStorage().should(() => {\n  expect(localStorage.getItem('prop1')).to.be.null;\n  expect(localStorage.getItem('prop2')).to.be.null;\n  expect(localStorage.getItem('prop3')).to.eq('magenta');\n});",
              "err": {},
              "uuid": "48977b5c-e70d-4e82-9111-22244be30663",
              "parentUUID": "ecf7cd6f-641d-4f33-8ef7-301dcba1b1c3",
              "isHook": false,
              "skipped": false
            },
            {
              "title": "cy.getAllLocalStorage() - get all data in localStorage for all origins",
              "fullTitle": "Local Storage / Session Storage cy.getAllLocalStorage() - get all data in localStorage for all origins",
              "timedOut": null,
              "duration": 406,
              "state": "passed",
              "speed": "fast",
              "pass": true,
              "fail": false,
              "pending": false,
              "context": null,
              "code": "// https://on.cypress.io/getalllocalstorage\ncy.get('.ls-btn').click();\n// getAllLocalStorage() yields a map of origins to localStorage values\ncy.getAllLocalStorage().should(storageMap => {\n  expect(storageMap).to.deep.equal({\n    // other origins will also be present if localStorage is set on them\n    'https://example.cypress.io': {\n      prop1: 'red',\n      prop2: 'blue',\n      prop3: 'magenta'\n    }\n  });\n});",
              "err": {},
              "uuid": "be4c04a0-6d98-44ec-a108-6b60d62cb3a3",
              "parentUUID": "ecf7cd6f-641d-4f33-8ef7-301dcba1b1c3",
              "isHook": false,
              "skipped": false
            },
            {
              "title": "cy.clearAllLocalStorage() - clear all data in localStorage for all origins",
              "fullTitle": "Local Storage / Session Storage cy.clearAllLocalStorage() - clear all data in localStorage for all origins",
              "timedOut": null,
              "duration": 421,
              "state": "passed",
              "speed": "fast",
              "pass": true,
              "fail": false,
              "pending": false,
              "context": null,
              "code": "// https://on.cypress.io/clearalllocalstorage\ncy.get('.ls-btn').click();\n// clearAllLocalStorage() yields null\ncy.clearAllLocalStorage();\ncy.getAllLocalStorage().should(() => {\n  expect(localStorage.getItem('prop1')).to.be.null;\n  expect(localStorage.getItem('prop2')).to.be.null;\n  expect(localStorage.getItem('prop3')).to.be.null;\n});",
              "err": {},
              "uuid": "52469003-d694-4c10-848d-3d50b5b5136b",
              "parentUUID": "ecf7cd6f-641d-4f33-8ef7-301dcba1b1c3",
              "isHook": false,
              "skipped": false
            },
            {
              "title": "cy.getAllSessionStorage() - get all data in sessionStorage for all origins",
              "fullTitle": "Local Storage / Session Storage cy.getAllSessionStorage() - get all data in sessionStorage for all origins",
              "timedOut": null,
              "duration": 409,
              "state": "passed",
              "speed": "fast",
              "pass": true,
              "fail": false,
              "pending": false,
              "context": null,
              "code": "// https://on.cypress.io/getallsessionstorage\ncy.get('.ls-btn').click();\n// getAllSessionStorage() yields a map of origins to sessionStorage values\ncy.getAllSessionStorage().should(storageMap => {\n  expect(storageMap).to.deep.equal({\n    // other origins will also be present if sessionStorage is set on them\n    'https://example.cypress.io': {\n      prop4: 'cyan',\n      prop5: 'yellow',\n      prop6: 'black'\n    }\n  });\n});",
              "err": {},
              "uuid": "64c6486c-a8b6-418f-a890-f5826d519729",
              "parentUUID": "ecf7cd6f-641d-4f33-8ef7-301dcba1b1c3",
              "isHook": false,
              "skipped": false
            },
            {
              "title": "cy.clearAllSessionStorage() - clear all data in sessionStorage for all origins",
              "fullTitle": "Local Storage / Session Storage cy.clearAllSessionStorage() - clear all data in sessionStorage for all origins",
              "timedOut": null,
              "duration": 447,
              "state": "passed",
              "speed": "fast",
              "pass": true,
              "fail": false,
              "pending": false,
              "context": null,
              "code": "// https://on.cypress.io/clearallsessionstorage\ncy.get('.ls-btn').click();\n// clearAllSessionStorage() yields null\ncy.clearAllSessionStorage();\ncy.getAllSessionStorage().should(() => {\n  expect(sessionStorage.getItem('prop4')).to.be.null;\n  expect(sessionStorage.getItem('prop5')).to.be.null;\n  expect(sessionStorage.getItem('prop6')).to.be.null;\n});",
              "err": {},
              "uuid": "6fe296e2-fdfe-4d58-8080-609ed1b98718",
              "parentUUID": "ecf7cd6f-641d-4f33-8ef7-301dcba1b1c3",
              "isHook": false,
              "skipped": false
            }
          ],
          "suites": [],
          "passes": [
            "48977b5c-e70d-4e82-9111-22244be30663",
            "be4c04a0-6d98-44ec-a108-6b60d62cb3a3",
            "52469003-d694-4c10-848d-3d50b5b5136b",
            "64c6486c-a8b6-418f-a890-f5826d519729",
            "6fe296e2-fdfe-4d58-8080-609ed1b98718"
          ],
          "failures": [],
          "pending": [],
          "skipped": [],
          "duration": 2686,
          "root": false,
          "rootEmpty": false,
          "_timeout": 2000
        }
      ],
      "passes": [],
      "failures": [],
      "pending": [],
      "skipped": [],
      "duration": 0,
      "root": true,
      "rootEmpty": true,
      "_timeout": 2000
    }
  ],
  "meta": {
    "mocha": {
      "version": "7.2.0"
    },
    "mochawesome": {
      "options": {
        "quiet": false,
        "reportFilename": "mochawesome",
        "saveHtml": true,
        "saveJson": true,
        "consoleReporter": "spec",
        "useInlineDiffs": false,
        "code": true
      },
      "version": "7.1.3"
    },
    "marge": {
      "options": {
        "reportDir": "cypress/reports",
        "overwrite": false,
        "html": true,
        "json": true
      },
      "version": "6.2.0"
    }
  }
}