{
  "stats": {
    "suites": 1,
    "tests": 4,
    "passes": 4,
    "pending": 0,
    "failures": 0,
    "start": "2025-09-05T22:55:24.102Z",
    "end": "2025-09-05T22:55:28.758Z",
    "duration": 4656,
    "testsRegistered": 4,
    "passPercent": 100,
    "pendingPercent": 0,
    "other": 0,
    "hasOther": false,
    "skipped": 0,
    "hasSkipped": false
  },
  "results": [
    {
      "uuid": "0744e9d1-4896-4ba9-aa71-47a42ba78328",
      "title": "",
      "fullFile": "cypress\\e2e\\2-advanced-examples\\files.cy.js",
      "file": "cypress\\e2e\\2-advanced-examples\\files.cy.js",
      "beforeHooks": [],
      "afterHooks": [],
      "tests": [],
      "suites": [
        {
          "uuid": "08f6b9c1-d373-48f8-add5-36bf384f2d13",
          "title": "Files",
          "fullFile": "",
          "file": "",
          "beforeHooks": [],
          "afterHooks": [],
          "tests": [
            {
              "title": "cy.fixture() - load a fixture",
              "fullTitle": "Files cy.fixture() - load a fixture",
              "timedOut": null,
              "duration": 667,
              "state": "passed",
              "speed": "fast",
              "pass": true,
              "fail": false,
              "pending": false,
              "context": null,
              "code": "// https://on.cypress.io/fixture\n// Instead of writing a response inline you can\n// use a fixture file's content.\n// when application makes an Ajax request matching \"GET **/comments/*\"\n// Cypress will intercept it and reply with the object in `example.json` fixture\ncy.intercept('GET', '**/comments/*', {\n  fixture: 'example.json'\n}).as('getComment');\n// we have code that gets a comment when\n// the button is clicked in scripts.js\ncy.get('.fixture-btn').click();\ncy.wait('@getComment').its('response.body').should('have.property', 'name').and('include', 'Using fixtures to represent data');",
              "err": {},
              "uuid": "eb03e2f5-851d-49df-be79-9920998844d2",
              "parentUUID": "08f6b9c1-d373-48f8-add5-36bf384f2d13",
              "isHook": false,
              "skipped": false
            },
            {
              "title": "cy.fixture() or require - load a fixture",
              "fullTitle": "Files cy.fixture() or require - load a fixture",
              "timedOut": null,
              "duration": 342,
              "state": "passed",
              "speed": "fast",
              "pass": true,
              "fail": false,
              "pending": false,
              "context": null,
              "code": "// we are inside the \"function () { ... }\"\n// callback and can use test context object \"this\"\n// \"this.example\" was loaded in \"beforeEach\" function callback\nexpect(this.example, 'fixture in the test context').to.deep.equal(requiredExample);\n// or use \"cy.wrap\" and \"should('deep.equal', ...)\" assertion\ncy.wrap(this.example).should('deep.equal', requiredExample);",
              "err": {},
              "uuid": "6aaf4cd5-f597-42df-b53c-a1b8f11286d3",
              "parentUUID": "08f6b9c1-d373-48f8-add5-36bf384f2d13",
              "isHook": false,
              "skipped": false
            },
            {
              "title": "cy.readFile() - read file contents",
              "fullTitle": "Files cy.readFile() - read file contents",
              "timedOut": null,
              "duration": 277,
              "state": "passed",
              "speed": "fast",
              "pass": true,
              "fail": false,
              "pending": false,
              "context": null,
              "code": "// https://on.cypress.io/readfile\n// You can read a file and yield its contents\n// The filePath is relative to your project's root.\ncy.readFile(Cypress.config('configFile')).then(config => {\n  expect(config).to.be.an('string');\n});",
              "err": {},
              "uuid": "b01c2e48-1ea7-484b-870a-a57b97ddb217",
              "parentUUID": "08f6b9c1-d373-48f8-add5-36bf384f2d13",
              "isHook": false,
              "skipped": false
            },
            {
              "title": "cy.writeFile() - write to a file",
              "fullTitle": "Files cy.writeFile() - write to a file",
              "timedOut": null,
              "duration": 523,
              "state": "passed",
              "speed": "fast",
              "pass": true,
              "fail": false,
              "pending": false,
              "context": null,
              "code": "// https://on.cypress.io/writefile\n// You can write to a file\n// Use a response from a request to automatically\n// generate a fixture file for use later\ncy.request('https://jsonplaceholder.cypress.io/users').then(response => {\n  cy.writeFile('cypress/fixtures/users.json', response.body);\n});\ncy.fixture('users').should(users => {\n  expect(users[0].name).to.exist;\n});\n// JavaScript arrays and objects are stringified\n// and formatted into text.\ncy.writeFile('cypress/fixtures/profile.json', {\n  id: 8739,\n  name: 'Jane',\n  email: 'jane@example.com'\n});\ncy.fixture('profile').should(profile => {\n  expect(profile.name).to.eq('Jane');\n});",
              "err": {},
              "uuid": "6245d201-4b47-4d6c-abef-9732f38b239e",
              "parentUUID": "08f6b9c1-d373-48f8-add5-36bf384f2d13",
              "isHook": false,
              "skipped": false
            }
          ],
          "suites": [],
          "passes": [
            "eb03e2f5-851d-49df-be79-9920998844d2",
            "6aaf4cd5-f597-42df-b53c-a1b8f11286d3",
            "b01c2e48-1ea7-484b-870a-a57b97ddb217",
            "6245d201-4b47-4d6c-abef-9732f38b239e"
          ],
          "failures": [],
          "pending": [],
          "skipped": [],
          "duration": 1809,
          "root": false,
          "rootEmpty": false,
          "_timeout": 2000
        }
      ],
      "passes": [],
      "failures": [],
      "pending": [],
      "skipped": [],
      "duration": 0,
      "root": true,
      "rootEmpty": true,
      "_timeout": 2000
    }
  ],
  "meta": {
    "mocha": {
      "version": "7.2.0"
    },
    "mochawesome": {
      "options": {
        "quiet": false,
        "reportFilename": "mochawesome",
        "saveHtml": true,
        "saveJson": true,
        "consoleReporter": "spec",
        "useInlineDiffs": false,
        "code": true
      },
      "version": "7.1.3"
    },
    "marge": {
      "options": {
        "reportDir": "cypress/reports",
        "overwrite": false,
        "html": true,
        "json": true
      },
      "version": "6.2.0"
    }
  }
}